2025-08-13 15:06:41,688 - INFO - 正在验证API密钥: sk-fe0485c...
2025-08-13 15:06:41,688 - INFO - API密钥格式验证通过
2025-08-13 15:06:41,688 - INFO - 正在扫描项目文件: /Users/leojiang/PycharmProjects/标书生成/litchi-smart-orchard-bid
2025-08-13 15:06:41,703 - INFO - 扫描完成，共找到 59 个文件
2025-08-13 15:06:41,704 - INFO - 成功加载 43 个要求
2025-08-13 15:06:41,704 - INFO - 开始对 43 个要求进行评分...
2025-08-13 15:06:41,704 - INFO - 
正在评分第 1/43 个要求...
2025-08-13 15:06:41,704 - INFO - 要求: 提供ISO三体系认证每项得1分，满分3分...
2025-08-13 15:06:41,705 - INFO - 找到 5 个相关文件
2025-08-13 15:06:41,705 - INFO - 发送API请求 (尝试 1/3)...
2025-08-13 15:06:41,929 - WARNING - API请求失败: 400, Access denied, please make sure your account is in good standing. (尝试 1/3)
2025-08-13 15:06:41,929 - INFO - 等待 5 秒后重试...
2025-08-13 15:06:46,930 - INFO - 发送API请求 (尝试 2/3)...
2025-08-13 15:06:47,135 - WARNING - API请求失败: 400, Access denied, please make sure your account is in good standing. (尝试 2/3)
2025-08-13 15:06:47,136 - INFO - 等待 5 秒后重试...
2025-08-13 15:06:52,141 - INFO - 发送API请求 (尝试 3/3)...
2025-08-13 15:06:52,351 - WARNING - API请求失败: 400, Access denied, please make sure your account is in good standing. (尝试 3/3)
2025-08-13 15:06:52,351 - ERROR - 所有重试都失败了，使用默认评分
2025-08-13 15:06:52,351 - INFO - 等待 3 秒后继续下一个要求...
2025-08-13 15:06:55,355 - INFO - 
正在评分第 2/43 个要求...
2025-08-13 15:06:55,355 - INFO - 要求: 具有软件企业证书得1分...
2025-08-13 15:06:55,357 - INFO - 找到 5 个相关文件
2025-08-13 15:06:55,357 - INFO - 发送API请求 (尝试 1/3)...
2025-08-13 15:06:55,541 - WARNING - API请求失败: 400, Access denied, please make sure your account is in good standing. (尝试 1/3)
2025-08-13 15:06:55,542 - INFO - 等待 5 秒后重试...
2025-08-13 15:49:42,594 - INFO - 正在验证API密钥: sk-fe0485c...
2025-08-13 15:49:42,595 - INFO - API密钥格式验证通过
2025-08-13 15:49:42,595 - INFO - 正在扫描项目文件: /Users/leojiang/PycharmProjects/标书生成/litchi-smart-orchard-bid
2025-08-13 15:49:42,608 - INFO - 扫描完成，共找到 59 个文件
2025-08-13 15:49:42,609 - INFO - 成功加载 43 个要求
2025-08-13 15:49:42,609 - INFO - 开始对 43 个要求进行评分...
2025-08-13 15:49:42,609 - INFO - 
正在评分第 1/43 个要求...
2025-08-13 15:49:42,609 - INFO - 要求: 提供ISO三体系认证每项得1分，满分3分...
2025-08-13 15:49:42,609 - INFO - 找到 5 个相关文件
2025-08-13 15:49:42,609 - INFO - 发送API请求 (尝试 1/3)...
2025-08-13 15:49:42,827 - WARNING - API请求失败: 400, Access denied, please make sure your account is in good standing. (尝试 1/3)
2025-08-13 15:49:42,827 - INFO - 等待 5 秒后重试...
2025-08-13 15:49:47,833 - INFO - 发送API请求 (尝试 2/3)...
2025-08-13 15:49:48,038 - WARNING - API请求失败: 400, Access denied, please make sure your account is in good standing. (尝试 2/3)
2025-08-13 15:49:48,038 - INFO - 等待 5 秒后重试...
2025-08-13 15:56:28,652 - INFO - 正在验证API密钥: sk-fe0485c...
2025-08-13 15:56:28,653 - INFO - API密钥格式验证通过
2025-08-13 15:56:28,653 - INFO - 正在扫描项目文件: /Users/leojiang/PycharmProjects/标书生成/litchi-smart-orchard-bid
2025-08-13 15:56:28,666 - INFO - 扫描完成，共找到 59 个文件
2025-08-13 15:56:28,667 - INFO - 成功加载 43 个要求
2025-08-13 15:56:28,667 - INFO - 开始对 43 个要求进行评分...
2025-08-13 15:56:28,667 - INFO - 
正在评分第 1/43 个要求...
2025-08-13 15:56:28,667 - INFO - 要求: 提供ISO三体系认证每项得1分，满分3分...
2025-08-13 15:56:28,667 - INFO - 找到 5 个相关文件
2025-08-13 15:56:28,667 - INFO - 发送API请求 (尝试 1/3)...
2025-08-13 15:56:39,402 - INFO - API调用成功，解析响应完成
2025-08-13 15:56:39,403 - INFO - 等待 3 秒后继续下一个要求...
2025-08-13 15:56:42,408 - INFO - 
正在评分第 2/43 个要求...
2025-08-13 15:56:42,408 - INFO - 要求: 具有软件企业证书得1分...
2025-08-13 15:56:42,411 - INFO - 找到 5 个相关文件
2025-08-13 15:56:42,411 - INFO - 发送API请求 (尝试 1/3)...
2025-08-13 15:56:53,574 - INFO - API调用成功，解析响应完成
2025-08-13 15:56:53,575 - INFO - 等待 3 秒后继续下一个要求...
2025-08-13 15:56:56,580 - INFO - 
正在评分第 3/43 个要求...
2025-08-13 15:56:56,580 - INFO - 要求: 提供省级以上物联网科技或荣誉证书每项得1分...
2025-08-13 15:56:56,582 - INFO - 找到 5 个相关文件
2025-08-13 15:56:56,582 - INFO - 发送API请求 (尝试 1/3)...
2025-08-13 15:57:08,866 - INFO - API调用成功，解析响应完成
2025-08-13 15:57:08,866 - INFO - 等待 3 秒后继续下一个要求...
2025-08-13 15:57:11,867 - INFO - 
正在评分第 4/43 个要求...
2025-08-13 15:57:11,867 - INFO - 要求: 提供类似病虫害或盐碱度监测系统每项得1分...
2025-08-13 15:57:11,868 - INFO - 找到 5 个相关文件
2025-08-13 15:57:11,868 - INFO - 发送API请求 (尝试 1/3)...
2025-08-13 15:57:19,017 - INFO - API调用成功，解析响应完成
2025-08-13 15:57:19,017 - INFO - 等待 3 秒后继续下一个要求...
2025-08-13 15:57:22,019 - INFO - 
正在评分第 5/43 个要求...
2025-08-13 15:57:22,020 - INFO - 要求: 提供荔枝大数据或农业信息化平台著作权每项得1分...
2025-08-13 15:57:22,021 - INFO - 找到 5 个相关文件
2025-08-13 15:57:22,021 - INFO - 发送API请求 (尝试 1/3)...
2025-08-13 15:57:34,069 - INFO - API调用成功，解析响应完成
2025-08-13 15:57:34,070 - INFO - 等待 3 秒后继续下一个要求...
2025-08-13 15:57:37,072 - INFO - 
正在评分第 6/43 个要求...
2025-08-13 15:57:37,072 - INFO - 要求: 证书材料需加盖公章，否则不得分...
2025-08-13 15:57:37,075 - INFO - 找到 5 个相关文件
2025-08-13 15:57:37,075 - INFO - 发送API请求 (尝试 1/3)...
2025-08-13 15:57:51,842 - INFO - API调用成功，解析响应完成
2025-08-13 15:57:51,843 - INFO - 等待 3 秒后继续下一个要求...
2025-08-13 15:57:54,846 - INFO - 
正在评分第 7/43 个要求...
2025-08-13 15:57:54,846 - INFO - 要求: 项目负责人需具备双证书方可得分...
2025-08-13 15:57:54,848 - INFO - 找到 5 个相关文件
2025-08-13 15:57:54,848 - INFO - 发送API请求 (尝试 1/3)...
2025-08-13 15:58:04,441 - INFO - API调用成功，解析响应完成
2025-08-13 15:58:04,443 - INFO - 等待 3 秒后继续下一个要求...
2025-08-13 15:58:07,446 - INFO - 
正在评分第 8/43 个要求...
2025-08-13 15:58:07,447 - INFO - 要求: 团队人员按资质每名得0.5分，满分2分...
2025-08-13 15:58:07,449 - INFO - 找到 5 个相关文件
2025-08-13 15:58:07,450 - INFO - 发送API请求 (尝试 1/3)...
2025-08-13 15:58:17,678 - INFO - API调用成功，解析响应完成
2025-08-13 15:58:17,679 - INFO - 等待 3 秒后继续下一个要求...
2025-08-13 15:58:20,681 - INFO - 
正在评分第 9/43 个要求...
2025-08-13 15:58:20,681 - INFO - 要求: 团队人员资质不重复计分...
2025-08-13 15:58:20,683 - INFO - 找到 0 个相关文件
2025-08-13 15:58:20,683 - INFO - 发送API请求 (尝试 1/3)...
2025-08-13 15:58:29,342 - INFO - API调用成功，解析响应完成
2025-08-13 15:58:29,342 - INFO - 等待 3 秒后继续下一个要求...
2025-08-13 15:58:32,345 - INFO - 
正在评分第 10/43 个要求...
2025-08-13 15:58:32,345 - INFO - 要求: 须提供证书、社保证明及身份证复印件并盖章...
2025-08-13 15:58:32,347 - INFO - 找到 5 个相关文件
2025-08-13 15:58:32,348 - INFO - 发送API请求 (尝试 1/3)...
2025-08-13 15:58:51,363 - INFO - API调用成功，解析响应完成
2025-08-13 15:58:51,364 - INFO - 等待 3 秒后继续下一个要求...
2025-08-13 15:58:54,369 - INFO - 
正在评分第 11/43 个要求...
2025-08-13 15:58:54,370 - INFO - 要求: 厂商具安全开发类资质证书得1分...
2025-08-13 15:58:54,374 - INFO - 找到 5 个相关文件
2025-08-13 15:58:54,375 - INFO - 发送API请求 (尝试 1/3)...
2025-08-13 15:59:07,098 - INFO - API调用成功，解析响应完成
2025-08-13 15:59:07,099 - INFO - 等待 3 秒后继续下一个要求...
2025-08-13 15:59:10,104 - INFO - 
正在评分第 12/43 个要求...
2025-08-13 15:59:10,105 - INFO - 要求: 录像机制造商获国家科技奖得1分...
2025-08-13 15:59:10,107 - INFO - 找到 5 个相关文件
2025-08-13 15:59:10,108 - INFO - 发送API请求 (尝试 1/3)...
2025-08-13 15:59:18,828 - INFO - API调用成功，解析响应完成
2025-08-13 15:59:18,830 - INFO - 等待 3 秒后继续下一个要求...
2025-08-13 15:59:21,832 - INFO - 
正在评分第 13/43 个要求...
2025-08-13 15:59:21,833 - INFO - 要求: 须提供有效证书复印件并加盖公章...
2025-08-13 15:59:21,834 - INFO - 找到 5 个相关文件
2025-08-13 15:59:21,835 - INFO - 发送API请求 (尝试 1/3)...
2025-08-13 15:59:35,145 - INFO - API调用成功，解析响应完成
2025-08-13 15:59:35,147 - INFO - 等待 3 秒后继续下一个要求...
2025-08-13 15:59:38,148 - INFO - 
正在评分第 14/43 个要求...
2025-08-13 15:59:38,149 - INFO - 要求: 近三年农业类智能化项目业绩每项得1分，满分2分...
2025-08-13 15:59:38,152 - INFO - 找到 5 个相关文件
2025-08-13 15:59:38,152 - INFO - 发送API请求 (尝试 1/3)...
2025-08-13 15:59:48,512 - INFO - API调用成功，解析响应完成
2025-08-13 15:59:48,513 - INFO - 等待 3 秒后继续下一个要求...
2025-08-13 15:59:51,518 - INFO - 
正在评分第 15/43 个要求...
2025-08-13 15:59:51,519 - INFO - 要求: 须提供合同关键页复印件并加盖公章，否则不得分...
2025-08-13 15:59:51,520 - INFO - 找到 5 个相关文件
2025-08-13 15:59:51,521 - INFO - 发送API请求 (尝试 1/3)...
2025-08-13 15:59:59,308 - INFO - API调用成功，解析响应完成
2025-08-13 15:59:59,309 - INFO - 等待 3 秒后继续下一个要求...
2025-08-13 16:00:02,312 - INFO - 
正在评分第 16/43 个要求...
2025-08-13 16:00:02,312 - INFO - 要求: 小微企业价格扣除规则及计算方式...
2025-08-13 16:00:02,314 - INFO - 找到 5 个相关文件
2025-08-13 16:00:02,314 - INFO - 发送API请求 (尝试 1/3)...
2025-08-13 16:00:16,398 - INFO - API调用成功，解析响应完成
2025-08-13 16:00:16,399 - INFO - 等待 3 秒后继续下一个要求...
2025-08-13 16:00:19,401 - INFO - 
正在评分第 17/43 个要求...
2025-08-13 16:00:19,402 - INFO - 要求: 投标人须在中国境内注册并具备民事责任能力...
2025-08-13 16:00:19,405 - INFO - 找到 5 个相关文件
2025-08-13 16:00:19,405 - INFO - 发送API请求 (尝试 1/3)...
2025-08-13 16:00:29,415 - INFO - API调用成功，解析响应完成
2025-08-13 16:00:29,415 - INFO - 等待 3 秒后继续下一个要求...
2025-08-13 16:00:32,416 - INFO - 
正在评分第 18/43 个要求...
2025-08-13 16:00:32,417 - INFO - 要求: 投标人需有依法缴纳税收的良好记录...
2025-08-13 16:00:32,419 - INFO - 找到 0 个相关文件
2025-08-13 16:00:32,420 - INFO - 发送API请求 (尝试 1/3)...
2025-08-13 16:00:40,029 - INFO - API调用成功，解析响应完成
2025-08-13 16:00:40,030 - INFO - 等待 3 秒后继续下一个要求...
2025-08-13 16:00:43,032 - INFO - 
正在评分第 19/43 个要求...
2025-08-13 16:00:43,033 - INFO - 要求: 投标人需依法缴纳社会保障资金...
2025-08-13 16:00:43,035 - INFO - 找到 0 个相关文件
2025-08-13 16:00:43,036 - INFO - 发送API请求 (尝试 1/3)...
2025-08-13 16:00:50,138 - INFO - API调用成功，解析响应完成
2025-08-13 16:00:50,139 - INFO - 等待 3 秒后继续下一个要求...
2025-08-13 16:00:53,143 - INFO - 
正在评分第 20/43 个要求...
2025-08-13 16:00:53,144 - INFO - 要求: 投标人需提供财务状况报告...
2025-08-13 16:00:53,149 - INFO - 找到 0 个相关文件
2025-08-13 16:00:53,149 - INFO - 发送API请求 (尝试 1/3)...
2025-08-13 16:01:02,307 - INFO - API调用成功，解析响应完成
2025-08-13 16:01:02,309 - INFO - 等待 3 秒后继续下一个要求...
2025-08-13 16:01:05,314 - INFO - 
正在评分第 21/43 个要求...
2025-08-13 16:01:05,315 - INFO - 要求: 投标人须具备履行合同所需的设备与技术能力...
2025-08-13 16:01:05,317 - INFO - 找到 5 个相关文件
2025-08-13 16:01:05,317 - INFO - 发送API请求 (尝试 1/3)...
2025-08-13 16:01:15,617 - INFO - API调用成功，解析响应完成
2025-08-13 16:01:15,618 - INFO - 等待 3 秒后继续下一个要求...
2025-08-13 16:01:18,624 - INFO - 
正在评分第 22/43 个要求...
2025-08-13 16:01:18,624 - INFO - 要求: 近三年无重大违法记录...
2025-08-13 16:01:18,625 - INFO - 找到 0 个相关文件
2025-08-13 16:01:18,626 - INFO - 发送API请求 (尝试 1/3)...
2025-08-13 16:01:27,610 - INFO - API调用成功，解析响应完成
2025-08-13 16:01:27,613 - INFO - 等待 3 秒后继续下一个要求...
2025-08-13 16:01:30,617 - INFO - 
正在评分第 23/43 个要求...
2025-08-13 16:01:30,617 - INFO - 要求: 投标人信用状况需符合要求...
2025-08-13 16:01:30,619 - INFO - 找到 0 个相关文件
2025-08-13 16:01:30,619 - INFO - 发送API请求 (尝试 1/3)...
2025-08-13 16:01:38,908 - INFO - API调用成功，解析响应完成
2025-08-13 16:01:38,910 - INFO - 等待 3 秒后继续下一个要求...
2025-08-13 16:01:41,912 - INFO - 
正在评分第 24/43 个要求...
2025-08-13 16:01:41,913 - INFO - 要求: 需满足政府采购政策相关资格要求...
2025-08-13 16:01:41,915 - INFO - 找到 0 个相关文件
2025-08-13 16:01:41,915 - INFO - 发送API请求 (尝试 1/3)...
2025-08-13 16:01:55,085 - INFO - API调用成功，解析响应完成
2025-08-13 16:01:55,085 - INFO - 等待 3 秒后继续下一个要求...
2025-08-13 16:01:58,091 - INFO - 
正在评分第 25/43 个要求...
2025-08-13 16:01:58,091 - INFO - 要求: 需满足项目特定资格要求...
2025-08-13 16:01:58,093 - INFO - 找到 0 个相关文件
2025-08-13 16:01:58,094 - INFO - 发送API请求 (尝试 1/3)...
2025-08-13 16:02:08,502 - INFO - API调用成功，解析响应完成
2025-08-13 16:02:08,503 - INFO - 等待 3 秒后继续下一个要求...
2025-08-13 16:02:11,507 - INFO - 
正在评分第 26/43 个要求...
2025-08-13 16:02:11,508 - INFO - 要求: 投标有效期须满足招标文件要求...
2025-08-13 16:02:11,510 - INFO - 找到 0 个相关文件
2025-08-13 16:02:11,510 - INFO - 发送API请求 (尝试 1/3)...
2025-08-13 16:02:17,555 - INFO - API调用成功，解析响应完成
2025-08-13 16:02:17,556 - INFO - 等待 3 秒后继续下一个要求...
2025-08-13 16:02:20,558 - INFO - 
正在评分第 27/43 个要求...
2025-08-13 16:02:20,558 - INFO - 要求: 投标报价应有效且不得明显偏低...
2025-08-13 16:02:20,560 - INFO - 找到 0 个相关文件
2025-08-13 16:02:20,561 - INFO - 发送API请求 (尝试 1/3)...
2025-08-13 16:02:30,422 - INFO - API调用成功，解析响应完成
2025-08-13 16:02:30,423 - INFO - 等待 3 秒后继续下一个要求...
2025-08-13 16:02:33,427 - INFO - 
正在评分第 28/43 个要求...
2025-08-13 16:02:33,428 - INFO - 要求: 硬件和软件技术参数响应评分规则...
2025-08-13 16:02:33,430 - INFO - 找到 5 个相关文件
2025-08-13 16:02:33,431 - INFO - 发送API请求 (尝试 1/3)...
2025-08-13 16:02:56,113 - INFO - API调用成功，解析响应完成
2025-08-13 16:02:56,115 - INFO - 等待 3 秒后继续下一个要求...
2025-08-13 16:02:59,120 - INFO - 
正在评分第 29/43 个要求...
2025-08-13 16:02:59,120 - INFO - 要求: GIS地图展示荔枝产业分布及企业信息...
2025-08-13 16:02:59,124 - INFO - 找到 5 个相关文件
2025-08-13 16:02:59,124 - INFO - 发送API请求 (尝试 1/3)...
2025-08-13 16:03:10,793 - INFO - API调用成功，解析响应完成
2025-08-13 16:03:10,795 - INFO - 等待 3 秒后继续下一个要求...
2025-08-13 16:03:13,799 - INFO - 
正在评分第 30/43 个要求...
2025-08-13 16:03:13,800 - INFO - 要求: 720°全景展示果园并支持拖拽漫游...
2025-08-13 16:03:13,802 - INFO - 找到 5 个相关文件
2025-08-13 16:03:13,802 - INFO - 发送API请求 (尝试 1/3)...
2025-08-13 16:03:25,584 - INFO - API调用成功，解析响应完成
2025-08-13 16:03:25,585 - INFO - 等待 3 秒后继续下一个要求...
2025-08-13 16:03:28,586 - INFO - 
正在评分第 31/43 个要求...
2025-08-13 16:03:28,587 - INFO - 要求: 果树生长历程动态展示支持时间轴播放...
2025-08-13 16:03:28,589 - INFO - 找到 5 个相关文件
2025-08-13 16:03:28,590 - INFO - 发送API请求 (尝试 1/3)...
2025-08-13 16:03:38,173 - INFO - API调用成功，解析响应完成
2025-08-13 16:03:38,174 - INFO - 等待 3 秒后继续下一个要求...
2025-08-13 16:03:41,174 - INFO - 
正在评分第 32/43 个要求...
2025-08-13 16:03:41,175 - INFO - 要求: GIS地图展示果园规模及设施分布...
2025-08-13 16:03:41,177 - INFO - 找到 5 个相关文件
2025-08-13 16:03:41,177 - INFO - 发送API请求 (尝试 1/3)...
2025-08-13 16:03:50,994 - INFO - API调用成功，解析响应完成
2025-08-13 16:03:50,995 - INFO - 等待 3 秒后继续下一个要求...
2025-08-13 16:03:54,000 - INFO - 
正在评分第 33/43 个要求...
2025-08-13 16:03:54,000 - INFO - 要求: 展示不少于4类传感设备数据及分析结果...
2025-08-13 16:03:54,004 - INFO - 找到 5 个相关文件
2025-08-13 16:03:54,005 - INFO - 发送API请求 (尝试 1/3)...
2025-08-13 16:04:02,983 - INFO - API调用成功，解析响应完成
2025-08-13 16:04:02,983 - INFO - 等待 3 秒后继续下一个要求...
2025-08-13 16:04:05,989 - INFO - 
正在评分第 34/43 个要求...
2025-08-13 16:04:05,989 - INFO - 要求: 定义技术方案内容不完整或有缺陷的情形...
2025-08-13 16:04:05,991 - INFO - 找到 0 个相关文件
2025-08-13 16:04:05,991 - INFO - 发送API请求 (尝试 1/3)...
2025-08-13 16:04:13,783 - INFO - API调用成功，解析响应完成
2025-08-13 16:04:13,784 - INFO - 等待 3 秒后继续下一个要求...
2025-08-13 16:04:16,790 - INFO - 
正在评分第 35/43 个要求...
2025-08-13 16:04:16,790 - INFO - 要求: 实施方案须包含三项内容，缺项或缺陷扣分...
2025-08-13 16:04:16,794 - INFO - 找到 5 个相关文件
2025-08-13 16:04:16,794 - INFO - 发送API请求 (尝试 1/3)...
2025-08-13 16:04:34,173 - INFO - API调用成功，解析响应完成
2025-08-13 16:04:34,173 - INFO - 等待 3 秒后继续下一个要求...
2025-08-13 16:04:37,177 - INFO - 
正在评分第 36/43 个要求...
2025-08-13 16:04:37,178 - INFO - 要求: 定义实施方案内容不完整或有缺陷的情形...
2025-08-13 16:04:37,180 - INFO - 找到 0 个相关文件
2025-08-13 16:04:37,180 - INFO - 发送API请求 (尝试 1/3)...
2025-08-13 16:04:48,746 - INFO - API调用成功，解析响应完成
2025-08-13 16:04:48,747 - INFO - 等待 3 秒后继续下一个要求...
2025-08-13 16:04:51,751 - INFO - 
正在评分第 37/43 个要求...
2025-08-13 16:04:51,751 - INFO - 要求: 技术方案须包含五项内容，缺项或缺陷扣分...
2025-08-13 16:04:51,755 - INFO - 找到 5 个相关文件
2025-08-13 16:04:51,755 - INFO - 发送API请求 (尝试 1/3)...
2025-08-13 16:05:04,569 - INFO - API调用成功，解析响应完成
2025-08-13 16:05:04,571 - INFO - 等待 3 秒后继续下一个要求...
2025-08-13 16:05:07,573 - INFO - 
正在评分第 38/43 个要求...
2025-08-13 16:05:07,573 - INFO - 要求: 定义方案内容不完整或有缺陷的具体情形...
2025-08-13 16:05:07,575 - INFO - 找到 0 个相关文件
2025-08-13 16:05:07,575 - INFO - 发送API请求 (尝试 1/3)...
2025-08-13 16:05:14,895 - INFO - API调用成功，解析响应完成
2025-08-13 16:05:14,897 - INFO - 等待 3 秒后继续下一个要求...
2025-08-13 16:05:17,901 - INFO - 
正在评分第 39/43 个要求...
2025-08-13 16:05:17,901 - INFO - 要求: 项目理解和重难点分析需包含测试需求和重难点...
2025-08-13 16:05:17,903 - INFO - 找到 5 个相关文件
2025-08-13 16:05:17,903 - INFO - 发送API请求 (尝试 1/3)...
2025-08-13 16:05:29,843 - INFO - API调用成功，解析响应完成
2025-08-13 16:05:29,844 - INFO - 等待 3 秒后继续下一个要求...
2025-08-13 16:05:32,849 - INFO - 
正在评分第 40/43 个要求...
2025-08-13 16:05:32,849 - INFO - 要求: 总体方案设计需包含测试技术、管理与实施方案...
2025-08-13 16:05:32,852 - INFO - 找到 5 个相关文件
2025-08-13 16:05:32,852 - INFO - 发送API请求 (尝试 1/3)...
2025-08-13 16:05:43,918 - INFO - API调用成功，解析响应完成
2025-08-13 16:05:43,920 - INFO - 等待 3 秒后继续下一个要求...
2025-08-13 16:05:46,922 - INFO - 
正在评分第 41/43 个要求...
2025-08-13 16:05:46,922 - INFO - 要求: 软件测试方法及技术需覆盖各类方法和开发阶段...
2025-08-13 16:05:46,924 - INFO - 找到 5 个相关文件
2025-08-13 16:05:46,924 - INFO - 发送API请求 (尝试 1/3)...
2025-08-13 16:05:59,152 - INFO - API调用成功，解析响应完成
2025-08-13 16:05:59,154 - INFO - 等待 3 秒后继续下一个要求...
2025-08-13 16:06:02,158 - INFO - 
正在评分第 42/43 个要求...
2025-08-13 16:06:02,158 - INFO - 要求: 项目质量保障体系需包含管理要求和程序文件...
2025-08-13 16:06:02,160 - INFO - 找到 5 个相关文件
2025-08-13 16:06:02,160 - INFO - 发送API请求 (尝试 1/3)...
2025-08-13 16:06:15,081 - INFO - API调用成功，解析响应完成
2025-08-13 16:06:15,082 - INFO - 等待 3 秒后继续下一个要求...
2025-08-13 16:06:18,088 - INFO - 
正在评分第 43/43 个要求...
2025-08-13 16:06:18,088 - INFO - 要求: web测试理解需包含测试特点与用例设计...
2025-08-13 16:06:18,090 - INFO - 找到 5 个相关文件
2025-08-13 16:06:18,090 - INFO - 发送API请求 (尝试 1/3)...
2025-08-13 16:06:26,361 - INFO - API调用成功，解析响应完成
2025-08-13 16:06:26,369 - INFO - 详细评分结果已保存到: /Users/leojiang/PycharmProjects/标书生成/scoring_results/detailed_scoring_results_20250813_160626.json
2025-08-13 16:06:26,369 - INFO - 评分报告已保存到: /Users/leojiang/PycharmProjects/标书生成/scoring_results/scoring_report_20250813_160626.txt
2025-08-13 16:06:26,370 - INFO - 评分摘要已保存到: /Users/leojiang/PycharmProjects/标书生成/scoring_results/scoring_summary_20250813_160626.json
2025-08-13 16:06:29,273 - INFO - Excel格式结果已保存到: /Users/leojiang/PycharmProjects/标书生成/scoring_results/scoring_results_20250813_160626.xlsx
2025-08-13 16:13:23,610 - INFO - 正在验证API密钥: sk-fe0485c...
2025-08-13 16:13:23,610 - INFO - API密钥格式验证通过
2025-08-13 16:13:23,610 - INFO - 正在扫描项目文件: /Users/leojiang/PycharmProjects/标书生成/litchi-smart-orchard-bid
2025-08-13 16:13:23,623 - INFO - 扫描完成，共找到 59 个文件
2025-08-13 16:13:23,624 - INFO - 成功加载 43 个要求
2025-08-13 16:13:23,624 - INFO - 开始对 43 个要求进行评分...
2025-08-13 16:13:23,624 - INFO - 
正在评分第 1/43 个要求...
2025-08-13 16:13:23,624 - INFO - 要求: 提供ISO三体系认证每项得1分，满分3分...
2025-08-13 16:13:23,625 - INFO - 找到 5 个相关文件
2025-08-13 16:13:23,625 - INFO - 发送API请求 (尝试 1/3)...
2025-08-13 16:13:38,781 - INFO - API调用成功，解析响应完成
2025-08-13 16:13:38,781 - INFO - 等待 3 秒后继续下一个要求...
